<?xml version="1.0" encoding="UTF-8"?>
<!-- Generated by org.testng.reporters.JUnitReportReporter -->
<testsuite hostname="DESKTOP-IUGF0FI" failures="0" tests="1" name="TestLayer.LoginPageTest" time="2.147" errors="0" timestamp="2022-09-04T12:12:38 IST" skipped="0">
  <testcase classname="TestLayer.LoginPageTest" name="loginPag" time="2.147"/>
  <system-out/>
</testsuite> <!-- TestLayer.LoginPageTest -->
