<?xml version="1.0" encoding="UTF-8"?>
<!-- Generated by org.testng.reporters.JUnitReportReporter -->
<testsuite hostname="DESKTOP-IUGF0FI" failures="0" tests="1" name="TestLayer.edge" time="26.107" errors="0" timestamp="2022-09-04T16:11:39 IST" skipped="0">
  <testcase classname="TestLayer.edge" name="edgeBrowser" time="26.107"/>
  <system-out/>
</testsuite> <!-- TestLayer.edge -->
