<?xml version="1.0" encoding="UTF-8"?>
<!-- Generated by org.testng.reporters.JUnitReportReporter -->
<testsuite hostname="DESKTOP-IUGF0FI" failures="0" tests="3" name="TestLayer.HomePageTest" time="21.649" errors="0" timestamp="2022-09-04T12:30:42 IST" skipped="0">
  <testcase classname="TestLayer.HomePageTest" name="home" time="4.330"/>
  <system-out/>
  <testcase classname="TestLayer.HomePageTest" name="AblLoginPage" time="14.718"/>
  <system-out/>
  <testcase classname="TestLayer.HomePageTest" name="loginPag" time="2.601"/>
  <system-out/>
</testsuite> <!-- TestLayer.HomePageTest -->
