<?xml version="1.0" encoding="UTF-8"?>
<!-- Generated by org.testng.reporters.JUnitReportReporter -->
<testsuite hostname="DESKTOP-IUGF0FI" failures="0" tests="2" name="TestLayer.Demo1" time="0.016" errors="0" timestamp="2022-09-04T15:54:21 IST" skipped="1">
  <testcase classname="TestLayer.Demo1" name="m2" time="0.016"/>
  <system-out/>
  <testcase classname="TestLayer.Demo1" name="m1">
    <skipped/>
  </testcase> <!-- m1 -->
  <system-out/>
</testsuite> <!-- TestLayer.Demo1 -->
